Build started 20/04/2015 22:46:55.
     1>Project "C:\Users\Junior Mello\Desktop\Cronus-master\AuraSet\AuraSet.vcxproj" on node 2 (build target(s)).
     1>PrepareForBuild:
         Creating directory "..\plugins\".
       InitializeBuildStatus:
         Creating "AuraSet\\AuraSet.unsuccessfulbuild" because "AlwaysCreate" was specified.
       ClCompile:
         c:\Program Files (x86)\Microsoft Visual Studio 10.0\VC\bin\CL.exe /c /I..\src\common /I..\3rdparty\msinttypes\include /ZI /nologo /W3 /WX- /Od /Oy- /D _WINDLL /D _MBCS /Gm /EHsc /RTC1 /MDd /GS /fp:precise /Zc:wchar_t /Zc:forScope /Fo"AuraSet\\" /Fd"AuraSet\\vc100.pdb" /Gd /TC /analyze- /errorReport:prompt ..\src\plugins\auraset.c
         auraset.c
     1>c:\users\junior mello\desktop\cronus-master\src\plugins\auraset.c(88): warning C4996: 'sscanf': This function or variable may be unsafe. Consider using sscanf_s instead. To disable deprecation, use _CRT_SECURE_NO_WARNINGS. See online help for details.
                 c:\program files (x86)\microsoft visual studio 10.0\vc\include\stdio.h(325) : see declaration of 'sscanf'
       Link:
         c:\Program Files (x86)\Microsoft Visual Studio 10.0\VC\bin\link.exe /ERRORREPORT:PROMPT /OUT:"..\plugins\\AuraSet.dll" /NOLOGO kernel32.lib user32.lib gdi32.lib winspool.lib comdlg32.lib advapi32.lib shell32.lib ole32.lib oleaut32.lib uuid.lib odbc32.lib odbccp32.lib /MANIFEST /ManifestFile:"AuraSet\\AuraSet.dll.intermediate.manifest" /MANIFESTUAC:"level='asInvoker' uiAccess='false'" /DEBUG /PDB:"C:\Users\Junior Mello\Desktop\Cronus-master\plugins\AuraSet.pdb" /TLBID:1 /DYNAMICBASE /NXCOMPAT /IMPLIB:"..\plugins\AuraSet.lib" /MACHINE:X86 /DLL AuraSet\\auraset.obj
            Creating library ..\plugins\AuraSet.lib and object ..\plugins\AuraSet.exp
         AuraSet.vcxproj -> C:\Users\Junior Mello\Desktop\Cronus-master\AuraSet\..\plugins\AuraSet.dll
       Manifest:
         C:\Program Files (x86)\Microsoft SDKs\Windows\v7.0A\bin\mt.exe /nologo /verbose /outputresource:"..\plugins\\AuraSet.dll;#2" /manifest AuraSet\\AuraSet.dll.intermediate.manifest
       FinalizeBuildStatus:
         Deleting file "AuraSet\\AuraSet.unsuccessfulbuild".
         Touching "AuraSet\\AuraSet.lastbuildstate".
     1>Done Building Project "C:\Users\Junior Mello\Desktop\Cronus-master\AuraSet\AuraSet.vcxproj" (build target(s)).

Build succeeded.

Time Elapsed 00:00:01.61
